[2022-09-06 08:30:01,513] I kiwoom.py | Kiwoom-__init__-0020 I DEBUG    > Kiwoom() class start.
[2022-09-06 10:35:27,783] I kiwoom.py | Kiwoom-__init__-0020 I DEBUG    > Kiwoom() class start.
[2022-09-06 10:36:07,031] I kiwoom.py | Kiwoom-login_slot-0225 I DEBUG    > 정상처리
[2022-09-06 10:36:07,031] I kiwoom.py | Kiwoom-get_account_info-0235 I DEBUG    > 계좌번호 : 8030331211
[2022-09-06 10:36:08,051] I kiwoom.py | Kiwoom-msg_slot-0784 I DEBUG    > 스크린: 2000, 요청이름: 계좌평가잔고내역요청, tr코드: opw00018 --- [571578] 모의투자 해당조회내역이 없습니다.
[2022-09-06 10:36:08,052] I kiwoom.py | Kiwoom-trdata_slot-0293 I DEBUG    > 계좌평가잔고내역요청 싱글데이터 : 000000000000000 - 000000000000000 - 000000000.00
[2022-09-06 10:36:08,053] I kiwoom.py | Kiwoom-trdata_slot-0336 I DEBUG    > sPreNext : 
[2022-09-06 10:36:08,053] I kiwoom.py | Kiwoom-trdata_slot-0337 I DEBUG    > 계좌에 가지고 있는 종목은 0 
[2022-09-06 10:36:08,085] I kiwoom.py | Kiwoom-msg_slot-0784 I DEBUG    > 스크린: 2000, 요청이름: 예수금상세현황요청, tr코드: opw00001 --- [100000] 모의투자 조회완료
[2022-09-06 10:36:08,087] I kiwoom.py | Kiwoom-trdata_slot-0276 I DEBUG    > 예수금 : 10009433
[2022-09-06 10:36:13,074] I kiwoom.py | Kiwoom-not_concluded_account-0256 I DEBUG    > 미체결 종목 요청
[2022-09-06 10:36:13,120] I kiwoom.py | Kiwoom-msg_slot-0784 I DEBUG    > 스크린: , 요청이름: , tr코드:  ---  조회가 완료되었습니다.
[2022-09-06 10:36:18,092] I kiwoom.py | Kiwoom-screen_number_setting-0615 I DEBUG    > {}
[2022-09-06 11:12:52,540] I kiwoom.py | Kiwoom-__init__-0809 I DEBUG    > Kiwoom() class start.
[2022-09-06 11:13:10,883] I kiwoom.py | Kiwoom-__init__-0809 I DEBUG    > Kiwoom() class start.
[2022-09-06 11:13:27,493] I kiwoom.py | Kiwoom-login_slot-0896 I DEBUG    > 정상처리
[2022-09-06 11:13:27,493] I kiwoom.py | Kiwoom-get_account_info-0907 I DEBUG    > 계좌번호 : 8030331211
[2022-09-06 11:13:28,394] I kiwoom.py | Kiwoom-msg_slot-1513 I DEBUG    > 스크린: 2000, 요청이름: 예수금상세현황요청, tr코드: opw00001 --- [100000] 모의투자 조회완료
[2022-09-06 11:13:28,395] I kiwoom.py | Kiwoom-trdata_slot-0949 I DEBUG    > 예수금 : 10009433
[2022-09-06 11:13:28,482] I kiwoom.py | Kiwoom-msg_slot-1513 I DEBUG    > 스크린: 2000, 요청이름: 계좌평가잔고내역요청, tr코드: opw00018 --- [571578] 모의투자 해당조회내역이 없습니다.
[2022-09-06 11:13:28,483] I kiwoom.py | Kiwoom-trdata_slot-0963 I DEBUG    > 계좌평가잔고내역요청 싱글데이터 : 000000000000000 - 000000000000000 - 000000000.00
[2022-09-06 11:13:28,483] I kiwoom.py | Kiwoom-trdata_slot-1002 I DEBUG    > sPreNext : 
[2022-09-06 11:13:28,483] I kiwoom.py | Kiwoom-trdata_slot-1003 I DEBUG    > 계좌에 가지고 있는 종목은 0 
[2022-09-06 11:13:33,483] I kiwoom.py | Kiwoom-not_concluded_account-0928 I DEBUG    > 미체결 종목 요청
[2022-09-06 11:13:33,515] I kiwoom.py | Kiwoom-msg_slot-1513 I DEBUG    > 스크린: , 요청이름: , tr코드:  ---  조회가 완료되었습니다.
[2022-09-06 11:13:38,487] I kiwoom.py | Kiwoom-screen_number_setting-1260 I DEBUG    > {}
[2022-09-06 15:22:51,560] I kiwoom.py | Kiwoom-realdata_slot-1274 I DEBUG    > 장 종료, 동시호가로 넘어감
[2022-09-06 15:23:51,547] I kiwoom.py | Kiwoom-realdata_slot-1274 I DEBUG    > 장 종료, 동시호가로 넘어감
[2022-09-06 15:24:51,553] I kiwoom.py | Kiwoom-realdata_slot-1274 I DEBUG    > 장 종료, 동시호가로 넘어감
[2022-09-06 15:25:51,546] I kiwoom.py | Kiwoom-realdata_slot-1274 I DEBUG    > 장 종료, 동시호가로 넘어감
[2022-09-06 15:26:51,550] I kiwoom.py | Kiwoom-realdata_slot-1274 I DEBUG    > 장 종료, 동시호가로 넘어감
[2022-09-06 15:27:51,548] I kiwoom.py | Kiwoom-realdata_slot-1274 I DEBUG    > 장 종료, 동시호가로 넘어감
[2022-09-06 15:28:51,545] I kiwoom.py | Kiwoom-realdata_slot-1274 I DEBUG    > 장 종료, 동시호가로 넘어감
[2022-09-06 15:29:51,542] I kiwoom.py | Kiwoom-realdata_slot-1274 I DEBUG    > 장 종료, 동시호가로 넘어감
[2022-09-06 15:30:51,543] I kiwoom.py | Kiwoom-realdata_slot-1274 I DEBUG    > 장 종료, 동시호가로 넘어감
[2022-09-06 15:31:51,546] I kiwoom.py | Kiwoom-realdata_slot-1274 I DEBUG    > 장 종료, 동시호가로 넘어감
[2022-09-06 15:32:01,546] I kiwoom.py | Kiwoom-realdata_slot-1274 I DEBUG    > 장 종료, 동시호가로 넘어감
[2022-09-06 15:32:11,543] I kiwoom.py | Kiwoom-realdata_slot-1274 I DEBUG    > 장 종료, 동시호가로 넘어감
[2022-09-06 15:32:21,554] I kiwoom.py | Kiwoom-realdata_slot-1274 I DEBUG    > 장 종료, 동시호가로 넘어감
[2022-09-06 15:32:31,545] I kiwoom.py | Kiwoom-realdata_slot-1274 I DEBUG    > 장 종료, 동시호가로 넘어감
[2022-09-06 15:32:41,547] I kiwoom.py | Kiwoom-realdata_slot-1274 I DEBUG    > 장 종료, 동시호가로 넘어감
[2022-09-06 15:32:51,554] I kiwoom.py | Kiwoom-realdata_slot-1277 I DEBUG    > 3시30분 장 종료
[2022-09-06 15:32:56,562] I kiwoom.py | Kiwoom-calculator_fnc-1174 I DEBUG    > 코스닥 갯수 1581 
[2022-09-06 15:32:56,564] I kiwoom.py | Kiwoom-calculator_fnc-1179 I DEBUG    > 1 / 1581 : KOSDAQ Stock Code : 900110 is updating... 
