[2022-09-05 11:29:41,219] I kiwoom.py | Kiwoom-__init__-0020 I DEBUG    > Kiwoom() class start.
[2022-09-05 11:34:01,627] I kiwoom.py | Kiwoom-__init__-0020 I DEBUG    > Kiwoom() class start.
[2022-09-05 11:36:56,921] I kiwoom.py | Kiwoom-__init__-0020 I DEBUG    > Kiwoom() class start.
[2022-09-05 11:39:14,304] I kiwoom.py | Kiwoom-__init__-0020 I DEBUG    > Kiwoom() class start.
[2022-09-05 11:45:19,099] I kiwoom.py | Kiwoom-__init__-0019 I DEBUG    > Kiwoom() class start.
[2022-09-05 11:45:25,818] I kiwoom.py | Kiwoom-login_slot-0111 I DEBUG    > 정상처리
[2022-09-05 11:45:25,826] I kiwoom.py | Kiwoom-get_account_info-0122 I DEBUG    > 계좌번호 : 8030331211
[2022-09-05 11:45:26,681] I kiwoom.py | Kiwoom-msg_slot-0728 I DEBUG    > 스크린: 2000, 요청이름: 예수금상세현황요청, tr코드: opw00001 --- [100000] 모의투자 조회완료
[2022-09-05 11:45:26,682] I kiwoom.py | Kiwoom-trdata_slot-0164 I DEBUG    > 예수금 : 10009433
[2022-09-05 11:45:26,779] I kiwoom.py | Kiwoom-msg_slot-0728 I DEBUG    > 스크린: 2000, 요청이름: 계좌평가잔고내역요청, tr코드: opw00018 --- [571578] 모의투자 해당조회내역이 없습니다.
[2022-09-05 11:45:26,781] I kiwoom.py | Kiwoom-trdata_slot-0178 I DEBUG    > 계좌평가잔고내역요청 싱글데이터 : 000000000000000 - 000000000000000 - 000000000.00
[2022-09-05 11:45:26,781] I kiwoom.py | Kiwoom-trdata_slot-0217 I DEBUG    > sPreNext : 
[2022-09-05 11:45:26,781] I kiwoom.py | Kiwoom-trdata_slot-0218 I DEBUG    > 계좌에 가지고 있는 종목은 0 
[2022-09-05 11:45:31,781] I kiwoom.py | Kiwoom-not_concluded_account-0143 I DEBUG    > 미체결 종목 요청
[2022-09-05 11:45:31,813] I kiwoom.py | Kiwoom-msg_slot-0728 I DEBUG    > 스크린: , 요청이름: , tr코드:  ---  조회가 완료되었습니다.
[2022-09-05 11:45:36,784] I kiwoom.py | Kiwoom-screen_number_setting-0475 I DEBUG    > {}
[2022-09-05 11:48:31,222] I kiwoom.py | Kiwoom-__init__-0753 I DEBUG    > Kiwoom() class start.
[2022-09-05 11:52:41,765] I kiwoom.py | Kiwoom-__init__-0019 I DEBUG    > Kiwoom() class start.
[2022-09-05 11:52:49,349] I kiwoom.py | Kiwoom-login_slot-0106 I DEBUG    > 정상처리
[2022-09-05 11:52:49,349] I kiwoom.py | Kiwoom-get_account_info-0117 I DEBUG    > 계좌번호 : 8030331211
[2022-09-05 11:52:50,250] I kiwoom.py | Kiwoom-msg_slot-0723 I DEBUG    > 스크린: 2000, 요청이름: 예수금상세현황요청, tr코드: opw00001 --- [100000] 모의투자 조회완료
[2022-09-05 11:52:50,251] I kiwoom.py | Kiwoom-trdata_slot-0159 I DEBUG    > 예수금 : 10009433
[2022-09-05 11:52:50,330] I kiwoom.py | Kiwoom-msg_slot-0723 I DEBUG    > 스크린: 2000, 요청이름: 계좌평가잔고내역요청, tr코드: opw00018 --- [571578] 모의투자 해당조회내역이 없습니다.
[2022-09-05 11:52:50,332] I kiwoom.py | Kiwoom-trdata_slot-0173 I DEBUG    > 계좌평가잔고내역요청 싱글데이터 : 000000000000000 - 000000000000000 - 000000000.00
[2022-09-05 11:52:50,332] I kiwoom.py | Kiwoom-trdata_slot-0212 I DEBUG    > sPreNext : 
[2022-09-05 11:52:50,332] I kiwoom.py | Kiwoom-trdata_slot-0213 I DEBUG    > 계좌에 가지고 있는 종목은 0 
[2022-09-05 11:52:55,333] I kiwoom.py | Kiwoom-not_concluded_account-0138 I DEBUG    > 미체결 종목 요청
[2022-09-05 11:52:55,364] I kiwoom.py | Kiwoom-msg_slot-0723 I DEBUG    > 스크린: , 요청이름: , tr코드:  ---  조회가 완료되었습니다.
[2022-09-05 11:53:00,336] I kiwoom.py | Kiwoom-screen_number_setting-0470 I DEBUG    > {}
[2022-09-05 15:22:51,574] I kiwoom.py | Kiwoom-realdata_slot-0484 I DEBUG    > 장 종료, 동시호가로 넘어감
[2022-09-05 15:23:51,576] I kiwoom.py | Kiwoom-realdata_slot-0484 I DEBUG    > 장 종료, 동시호가로 넘어감
[2022-09-05 15:24:51,469] I kiwoom.py | Kiwoom-realdata_slot-0484 I DEBUG    > 장 종료, 동시호가로 넘어감
[2022-09-05 15:25:51,467] I kiwoom.py | Kiwoom-realdata_slot-0484 I DEBUG    > 장 종료, 동시호가로 넘어감
[2022-09-05 15:26:51,479] I kiwoom.py | Kiwoom-realdata_slot-0484 I DEBUG    > 장 종료, 동시호가로 넘어감
[2022-09-05 15:27:51,473] I kiwoom.py | Kiwoom-realdata_slot-0484 I DEBUG    > 장 종료, 동시호가로 넘어감
[2022-09-05 15:28:51,568] I kiwoom.py | Kiwoom-realdata_slot-0484 I DEBUG    > 장 종료, 동시호가로 넘어감
[2022-09-05 15:29:51,474] I kiwoom.py | Kiwoom-realdata_slot-0484 I DEBUG    > 장 종료, 동시호가로 넘어감
[2022-09-05 15:30:51,474] I kiwoom.py | Kiwoom-realdata_slot-0484 I DEBUG    > 장 종료, 동시호가로 넘어감
[2022-09-05 15:31:51,471] I kiwoom.py | Kiwoom-realdata_slot-0484 I DEBUG    > 장 종료, 동시호가로 넘어감
[2022-09-05 15:32:01,475] I kiwoom.py | Kiwoom-realdata_slot-0484 I DEBUG    > 장 종료, 동시호가로 넘어감
[2022-09-05 15:32:11,573] I kiwoom.py | Kiwoom-realdata_slot-0484 I DEBUG    > 장 종료, 동시호가로 넘어감
[2022-09-05 15:32:21,498] I kiwoom.py | Kiwoom-realdata_slot-0484 I DEBUG    > 장 종료, 동시호가로 넘어감
[2022-09-05 15:32:31,470] I kiwoom.py | Kiwoom-realdata_slot-0484 I DEBUG    > 장 종료, 동시호가로 넘어감
[2022-09-05 15:32:41,470] I kiwoom.py | Kiwoom-realdata_slot-0484 I DEBUG    > 장 종료, 동시호가로 넘어감
[2022-09-05 15:32:51,468] I kiwoom.py | Kiwoom-realdata_slot-0487 I DEBUG    > 3시30분 장 종료
[2022-09-05 15:32:56,471] I kiwoom.py | Kiwoom-calculator_fnc-0384 I DEBUG    > 코스닥 갯수 1581 
[2022-09-05 15:32:56,472] I kiwoom.py | Kiwoom-calculator_fnc-0389 I DEBUG    > 1 / 1581 : KOSDAQ Stock Code : 900110 is updating... 
[2022-09-05 18:02:42,257] I kiwoom.py | Kiwoom-__init__-0020 I DEBUG    > Kiwoom() class start.
[2022-09-05 18:02:55,770] I kiwoom.py | Kiwoom-login_slot-0225 I DEBUG    > 정상처리
[2022-09-05 18:02:55,771] I kiwoom.py | Kiwoom-get_account_info-0235 I DEBUG    > 계좌번호 : 8030331211
[2022-09-05 18:02:56,517] I kiwoom.py | Kiwoom-msg_slot-0784 I DEBUG    > 스크린: 2000, 요청이름: 계좌평가잔고내역요청, tr코드: opw00018 --- [571578] 모의투자 해당조회내역이 없습니다.
[2022-09-05 18:02:56,518] I kiwoom.py | Kiwoom-trdata_slot-0293 I DEBUG    > 계좌평가잔고내역요청 싱글데이터 : 000000000000000 - 000000000000000 - 000000000.00
[2022-09-05 18:02:56,518] I kiwoom.py | Kiwoom-trdata_slot-0336 I DEBUG    > sPreNext : 
[2022-09-05 18:02:56,518] I kiwoom.py | Kiwoom-trdata_slot-0337 I DEBUG    > 계좌에 가지고 있는 종목은 0 
[2022-09-05 18:02:56,553] I kiwoom.py | Kiwoom-msg_slot-0784 I DEBUG    > 스크린: 2000, 요청이름: 예수금상세현황요청, tr코드: opw00001 --- [100000] 모의투자 조회완료
[2022-09-05 18:02:56,553] I kiwoom.py | Kiwoom-trdata_slot-0276 I DEBUG    > 예수금 : 10009433
[2022-09-05 18:03:01,558] I kiwoom.py | Kiwoom-not_concluded_account-0256 I DEBUG    > 미체결 종목 요청
[2022-09-05 18:03:01,620] I kiwoom.py | Kiwoom-msg_slot-0784 I DEBUG    > 스크린: , 요청이름: , tr코드:  ---  조회가 완료되었습니다.
[2022-09-05 18:03:06,561] I kiwoom.py | Kiwoom-screen_number_setting-0615 I DEBUG    > {}
[2022-09-05 18:03:45,285] I kiwoom.py | Kiwoom-__init__-0020 I DEBUG    > Kiwoom() class start.
[2022-09-05 18:03:59,304] I kiwoom.py | Kiwoom-__init__-0020 I DEBUG    > Kiwoom() class start.
[2022-09-05 18:04:38,461] I kiwoom.py | Kiwoom-__init__-0020 I DEBUG    > Kiwoom() class start.
[2022-09-05 18:04:46,064] I kiwoom.py | Kiwoom-login_slot-0225 I DEBUG    > 정상처리
[2022-09-05 18:04:46,064] I kiwoom.py | Kiwoom-get_account_info-0235 I DEBUG    > 계좌번호 : 8030331211
[2022-09-05 18:04:46,906] I kiwoom.py | Kiwoom-msg_slot-0784 I DEBUG    > 스크린: 2000, 요청이름: 계좌평가잔고내역요청, tr코드: opw00018 --- [571578] 모의투자 해당조회내역이 없습니다.
[2022-09-05 18:04:46,907] I kiwoom.py | Kiwoom-trdata_slot-0293 I DEBUG    > 계좌평가잔고내역요청 싱글데이터 : 000000000000000 - 000000000000000 - 000000000.00
[2022-09-05 18:04:46,907] I kiwoom.py | Kiwoom-trdata_slot-0336 I DEBUG    > sPreNext : 
[2022-09-05 18:04:46,908] I kiwoom.py | Kiwoom-trdata_slot-0337 I DEBUG    > 계좌에 가지고 있는 종목은 0 
[2022-09-05 18:04:46,935] I kiwoom.py | Kiwoom-msg_slot-0784 I DEBUG    > 스크린: 2000, 요청이름: 예수금상세현황요청, tr코드: opw00001 --- [100000] 모의투자 조회완료
[2022-09-05 18:04:46,936] I kiwoom.py | Kiwoom-trdata_slot-0276 I DEBUG    > 예수금 : 10009433
[2022-09-05 18:04:51,936] I kiwoom.py | Kiwoom-not_concluded_account-0256 I DEBUG    > 미체결 종목 요청
[2022-09-05 18:04:51,982] I kiwoom.py | Kiwoom-msg_slot-0784 I DEBUG    > 스크린: , 요청이름: , tr코드:  ---  조회가 완료되었습니다.
[2022-09-05 18:04:56,942] I kiwoom.py | Kiwoom-screen_number_setting-0615 I DEBUG    > {}
[2022-09-05 20:24:44,638] I kiwoom.py | Kiwoom-login_slot-0225 I DEBUG    > 통신연결종료
