[2022-09-08 08:30:03,003] I kiwoom.py | Kiwoom-__init__-0810 I DEBUG    > Kiwoom() class start.
[2022-09-08 08:30:51,239] I kiwoom.py | Kiwoom-login_slot-0904 I DEBUG    > 정상처리
[2022-09-08 08:30:51,239] I kiwoom.py | Kiwoom-get_account_info-0915 I DEBUG    > 계좌번호 : 8030331211
[2022-09-08 08:30:51,305] I kiwoom.py | Kiwoom-msg_slot-1587 I DEBUG    > 스크린: 2000, 요청이름: 예수금상세현황요청, tr코드: opw00001 --- [100000] 모의투자 조회완료
[2022-09-08 08:30:51,306] I kiwoom.py | Kiwoom-trdata_slot-0960 I DEBUG    > 예수금 : 10009433
[2022-09-08 08:30:51,379] I kiwoom.py | Kiwoom-msg_slot-1587 I DEBUG    > 스크린: 2000, 요청이름: 계좌평가잔고내역요청, tr코드: opw00018 --- [571578] 모의투자 해당조회내역이 없습니다.
[2022-09-08 08:30:51,381] I kiwoom.py | Kiwoom-trdata_slot-0975 I DEBUG    > 계좌평가잔고내역요청 싱글데이터 : 000000000000000 - 000000000000000 - 000000000.00
[2022-09-08 08:30:51,381] I kiwoom.py | Kiwoom-trdata_slot-1015 I DEBUG    > sPreNext : 
[2022-09-08 08:30:56,424] I kiwoom.py | Kiwoom-msg_slot-1587 I DEBUG    > 스크린: , 요청이름: , tr코드:  ---  조회가 완료되었습니다.
[2022-09-08 08:42:51,572] I kiwoom.py | Kiwoom-realdata_slot-1324 I DEBUG    > 장 시작 전
[2022-09-08 08:43:51,575] I kiwoom.py | Kiwoom-realdata_slot-1324 I DEBUG    > 장 시작 전
[2022-09-08 08:44:51,568] I kiwoom.py | Kiwoom-realdata_slot-1324 I DEBUG    > 장 시작 전
[2022-09-08 08:45:51,580] I kiwoom.py | Kiwoom-realdata_slot-1324 I DEBUG    > 장 시작 전
[2022-09-08 08:46:51,579] I kiwoom.py | Kiwoom-realdata_slot-1324 I DEBUG    > 장 시작 전
[2022-09-08 08:47:51,581] I kiwoom.py | Kiwoom-realdata_slot-1324 I DEBUG    > 장 시작 전
[2022-09-08 08:48:51,580] I kiwoom.py | Kiwoom-realdata_slot-1324 I DEBUG    > 장 시작 전
[2022-09-08 08:49:51,578] I kiwoom.py | Kiwoom-realdata_slot-1324 I DEBUG    > 장 시작 전
[2022-09-08 08:50:51,587] I kiwoom.py | Kiwoom-realdata_slot-1324 I DEBUG    > 장 시작 전
[2022-09-08 08:51:51,581] I kiwoom.py | Kiwoom-realdata_slot-1324 I DEBUG    > 장 시작 전
[2022-09-08 08:52:51,576] I kiwoom.py | Kiwoom-realdata_slot-1324 I DEBUG    > 장 시작 전
[2022-09-08 08:53:51,576] I kiwoom.py | Kiwoom-realdata_slot-1324 I DEBUG    > 장 시작 전
[2022-09-08 08:54:51,573] I kiwoom.py | Kiwoom-realdata_slot-1324 I DEBUG    > 장 시작 전
[2022-09-08 08:55:51,579] I kiwoom.py | Kiwoom-realdata_slot-1324 I DEBUG    > 장 시작 전
[2022-09-08 08:56:51,580] I kiwoom.py | Kiwoom-realdata_slot-1324 I DEBUG    > 장 시작 전
[2022-09-08 08:57:51,576] I kiwoom.py | Kiwoom-realdata_slot-1324 I DEBUG    > 장 시작 전
[2022-09-08 08:58:51,579] I kiwoom.py | Kiwoom-realdata_slot-1324 I DEBUG    > 장 시작 전
[2022-09-08 08:59:51,580] I kiwoom.py | Kiwoom-realdata_slot-1324 I DEBUG    > 장 시작 전
[2022-09-08 09:00:51,570] I kiwoom.py | Kiwoom-realdata_slot-1324 I DEBUG    > 장 시작 전
[2022-09-08 09:01:51,574] I kiwoom.py | Kiwoom-realdata_slot-1324 I DEBUG    > 장 시작 전
[2022-09-08 09:02:01,579] I kiwoom.py | Kiwoom-realdata_slot-1324 I DEBUG    > 장 시작 전
[2022-09-08 09:02:11,574] I kiwoom.py | Kiwoom-realdata_slot-1324 I DEBUG    > 장 시작 전
[2022-09-08 09:02:21,572] I kiwoom.py | Kiwoom-realdata_slot-1324 I DEBUG    > 장 시작 전
[2022-09-08 09:02:31,578] I kiwoom.py | Kiwoom-realdata_slot-1324 I DEBUG    > 장 시작 전
[2022-09-08 09:02:41,577] I kiwoom.py | Kiwoom-realdata_slot-1324 I DEBUG    > 장 시작 전
[2022-09-08 09:02:51,680] I kiwoom.py | Kiwoom-realdata_slot-1327 I DEBUG    > 장 시작
