[2022-09-10 03:01:22,247] I kiwoom.py | Kiwoom-__init__-0810 I DEBUG    > Kiwoom() class start.
[2022-09-10 03:01:53,949] I kiwoom.py | Kiwoom-login_slot-0904 I DEBUG    > 정상처리
[2022-09-10 03:01:53,950] I kiwoom.py | Kiwoom-get_account_info-0915 I DEBUG    > 계좌번호 : 8030331211
[2022-09-10 03:01:55,092] I kiwoom.py | Kiwoom-msg_slot-1587 I DEBUG    > 스크린: 2000, 요청이름: 예수금상세현황요청, tr코드: opw00001 --- [100000] 모의투자 조회완료
[2022-09-10 03:01:55,093] I kiwoom.py | Kiwoom-trdata_slot-0960 I DEBUG    > 예수금 : 10009433
[2022-09-10 03:01:55,170] I kiwoom.py | Kiwoom-msg_slot-1587 I DEBUG    > 스크린: 2000, 요청이름: 계좌평가잔고내역요청, tr코드: opw00018 --- [571578] 모의투자 해당조회내역이 없습니다.
[2022-09-10 03:01:55,172] I kiwoom.py | Kiwoom-trdata_slot-0975 I DEBUG    > 계좌평가잔고내역요청 싱글데이터 : 000000000000000 - 000000000000000 - 000000000.00
[2022-09-10 03:01:55,172] I kiwoom.py | Kiwoom-trdata_slot-1015 I DEBUG    > sPreNext : 
[2022-09-10 03:02:00,243] I kiwoom.py | Kiwoom-msg_slot-1587 I DEBUG    > 스크린: , 요청이름: , tr코드:  ---  조회가 완료되었습니다.
[2022-09-10 03:13:52,700] I kiwoom.py | Kiwoom-__init__-0809 I DEBUG    > Kiwoom() class start.
[2022-09-10 03:14:04,714] I kiwoom.py | Kiwoom-login_slot-0901 I DEBUG    > 정상처리
[2022-09-10 03:14:04,714] I kiwoom.py | Kiwoom-get_account_info-0912 I DEBUG    > 계좌번호 : 8030331211
[2022-09-10 03:14:05,505] I kiwoom.py | Kiwoom-msg_slot-1518 I DEBUG    > 스크린: 2000, 요청이름: 예수금상세현황요청, tr코드: opw00001 --- [100000] 모의투자 조회완료
[2022-09-10 03:14:05,506] I kiwoom.py | Kiwoom-trdata_slot-0954 I DEBUG    > 예수금 : 10009433
[2022-09-10 03:14:05,586] I kiwoom.py | Kiwoom-msg_slot-1518 I DEBUG    > 스크린: 2000, 요청이름: 계좌평가잔고내역요청, tr코드: opw00018 --- [571578] 모의투자 해당조회내역이 없습니다.
[2022-09-10 03:14:05,588] I kiwoom.py | Kiwoom-trdata_slot-0968 I DEBUG    > 계좌평가잔고내역요청 싱글데이터 : 000000000000000 - 000000000000000 - 000000000.00
[2022-09-10 03:14:05,588] I kiwoom.py | Kiwoom-trdata_slot-1007 I DEBUG    > sPreNext : 
[2022-09-10 03:14:05,588] I kiwoom.py | Kiwoom-trdata_slot-1008 I DEBUG    > 계좌에 가지고 있는 종목은 0 
[2022-09-10 03:14:10,602] I kiwoom.py | Kiwoom-not_concluded_account-0933 I DEBUG    > 미체결 종목 요청
[2022-09-10 03:14:10,633] I kiwoom.py | Kiwoom-msg_slot-1518 I DEBUG    > 스크린: , 요청이름: , tr코드:  ---  조회가 완료되었습니다.
[2022-09-10 03:14:15,600] I kiwoom.py | Kiwoom-screen_number_setting-1265 I DEBUG    > {}
[2022-09-10 03:15:09,697] I kiwoom.py | Kiwoom-__init__-0809 I DEBUG    > Kiwoom() class start.
[2022-09-10 03:15:16,682] I kiwoom.py | Kiwoom-login_slot-0901 I DEBUG    > 정상처리
[2022-09-10 03:15:16,682] I kiwoom.py | Kiwoom-get_account_info-0912 I DEBUG    > 계좌번호 : 8030331211
[2022-09-10 03:15:17,520] I kiwoom.py | Kiwoom-msg_slot-1518 I DEBUG    > 스크린: 2000, 요청이름: 예수금상세현황요청, tr코드: opw00001 --- [100000] 모의투자 조회완료
[2022-09-10 03:15:17,521] I kiwoom.py | Kiwoom-trdata_slot-0954 I DEBUG    > 예수금 : 10009433
[2022-09-10 03:15:17,600] I kiwoom.py | Kiwoom-msg_slot-1518 I DEBUG    > 스크린: 2000, 요청이름: 계좌평가잔고내역요청, tr코드: opw00018 --- [571578] 모의투자 해당조회내역이 없습니다.
[2022-09-10 03:15:17,601] I kiwoom.py | Kiwoom-trdata_slot-0968 I DEBUG    > 계좌평가잔고내역요청 싱글데이터 : 000000000000000 - 000000000000000 - 000000000.00
[2022-09-10 03:15:17,601] I kiwoom.py | Kiwoom-trdata_slot-1007 I DEBUG    > sPreNext : 
[2022-09-10 03:15:17,601] I kiwoom.py | Kiwoom-trdata_slot-1008 I DEBUG    > 계좌에 가지고 있는 종목은 0 
[2022-09-10 03:15:22,613] I kiwoom.py | Kiwoom-not_concluded_account-0933 I DEBUG    > 미체결 종목 요청
[2022-09-10 03:15:22,644] I kiwoom.py | Kiwoom-msg_slot-1518 I DEBUG    > 스크린: , 요청이름: , tr코드:  ---  조회가 완료되었습니다.
[2022-09-10 03:15:27,607] I kiwoom.py | Kiwoom-screen_number_setting-1265 I DEBUG    > {}
[2022-09-10 03:17:21,270] I kiwoom.py | Kiwoom-__init__-0810 I DEBUG    > Kiwoom() class start.
[2022-09-10 03:17:27,855] I kiwoom.py | Kiwoom-login_slot-0904 I DEBUG    > 정상처리
[2022-09-10 03:17:27,855] I kiwoom.py | Kiwoom-get_account_info-0915 I DEBUG    > 계좌번호 : 8030331211
[2022-09-10 03:17:28,742] I kiwoom.py | Kiwoom-msg_slot-1587 I DEBUG    > 스크린: 2000, 요청이름: 예수금상세현황요청, tr코드: opw00001 --- [100000] 모의투자 조회완료
[2022-09-10 03:17:28,743] I kiwoom.py | Kiwoom-trdata_slot-0960 I DEBUG    > 예수금 : 10009433
[2022-09-10 03:17:28,807] I kiwoom.py | Kiwoom-msg_slot-1587 I DEBUG    > 스크린: 2000, 요청이름: 계좌평가잔고내역요청, tr코드: opw00018 --- [571578] 모의투자 해당조회내역이 없습니다.
[2022-09-10 03:17:28,808] I kiwoom.py | Kiwoom-trdata_slot-0975 I DEBUG    > 계좌평가잔고내역요청 싱글데이터 : 000000000000000 - 000000000000000 - 000000000.00
[2022-09-10 03:17:28,808] I kiwoom.py | Kiwoom-trdata_slot-1015 I DEBUG    > sPreNext : 
[2022-09-10 03:17:33,850] I kiwoom.py | Kiwoom-msg_slot-1587 I DEBUG    > 스크린: , 요청이름: , tr코드:  ---  조회가 완료되었습니다.
[2022-09-10 03:17:39,501] I kiwoom.py | Kiwoom-__init__-0810 I DEBUG    > Kiwoom() class start.
